<?xml version="1.0" encoding="utf-8"?><testsuites name="pytest tests"><testsuite name="pytest" errors="0" failures="0" skipped="0" tests="12" time="3.716" timestamp="2026-03-28T16:15:05.296937+00:00" hostname="agent-env-73f1a61c-51a7-4374-b8e5-b021f68c5da9"><testcase classname="tests.test_lectures.TestLecturesCRUD" name="test_health_check" time="0.270" /><testcase classname="tests.test_lectures.TestLecturesCRUD" name="test_list_lectures_initial" time="0.166" /><testcase classname="tests.test_lectures.TestLecturesCRUD" name="test_create_lecture" time="0.250" /><testcase classname="tests.test_lectures.TestLecturesCRUD" name="test_get_lecture_by_id" time="0.338" /><testcase classname="tests.test_lectures.TestLecturesCRUD" name="test_get_lecture_not_found" time="0.108" /><testcase classname="tests.test_lectures.TestLecturesCRUD" name="test_update_lecture_title" time="0.413" /><testcase classname="tests.test_lectures.TestLecturesCRUD" name="test_delete_lecture" time="0.374" /><testcase classname="tests.test_lectures.TestLecturesCRUD" name="test_delete_lecture_not_found" time="0.104" /><testcase classname="tests.test_lectures.TestLecturesCRUD" name="test_get_processing_status" time="0.282" /><testcase classname="tests.test_lectures.TestLecturesCRUD" name="test_get_status_not_found" time="0.117" /><testcase classname="tests.test_lectures.TestDataValidation" name="test_create_lecture_default_title" time="0.114" /><testcase classname="tests.test_lectures.TestDataValidation" name="test_mongodb_id_excluded" time="1.096" /></testsuite></testsuites>